{"/home/pascal/Documents/Tests/TDD/index.js": {"path":"/home/pascal/Documents/Tests/TDD/index.js","statementMap":{"0":{"start":{"line":1,"column":16},"end":{"line":1,"column":34}},"1":{"start":{"line":2,"column":16},"end":{"line":2,"column":34}},"2":{"start":{"line":3,"column":12},"end":{"line":3,"column":21}},"3":{"start":{"line":5,"column":0},"end":{"line":5,"column":34}},"4":{"start":{"line":6,"column":0},"end":{"line":6,"column":30}},"5":{"start":{"line":7,"column":0},"end":{"line":7,"column":31}},"6":{"start":{"line":8,"column":0},"end":{"line":8,"column":32}},"7":{"start":{"line":9,"column":0},"end":{"line":9,"column":26}},"8":{"start":{"line":11,"column":13},"end":{"line":11,"column":37}},"9":{"start":{"line":12,"column":15},"end":{"line":12,"column":83}},"10":{"start":{"line":12,"column":38},"end":{"line":12,"column":82}},"11":{"start":{"line":14,"column":0},"end":{"line":14,"column":24}}},"fnMap":{"0":{"name":"(anonymous_0)","decl":{"start":{"line":12,"column":32},"end":{"line":12,"column":33}},"loc":{"start":{"line":12,"column":38},"end":{"line":12,"column":82}},"line":12}},"branchMap":{"0":{"loc":{"start":{"line":11,"column":13},"end":{"line":11,"column":37}},"type":"binary-expr","locations":[{"start":{"line":11,"column":13},"end":{"line":11,"column":29}},{"start":{"line":11,"column":33},"end":{"line":11,"column":37}}],"line":11}},"s":{"0":4,"1":4,"2":4,"3":4,"4":4,"5":4,"6":4,"7":4,"8":4,"9":4,"10":4,"11":4},"f":{"0":4},"b":{"0":[4,4]},"_coverageSchema":"43e27e138ebf9cfc5966b082cf9a028302ed4184","hash":"d58193f6dcb02c4db1c3ea8aef8aa3ef0c155bdd"}
,"/home/pascal/Documents/Tests/TDD/middleware/admin.js": {"path":"/home/pascal/Documents/Tests/TDD/middleware/admin.js","statementMap":{"0":{"start":{"line":2,"column":0},"end":{"line":5,"column":1}},"1":{"start":{"line":3,"column":4},"end":{"line":3,"column":74}},"2":{"start":{"line":3,"column":27},"end":{"line":3,"column":74}},"3":{"start":{"line":4,"column":4},"end":{"line":4,"column":11}}},"fnMap":{"0":{"name":"(anonymous_0)","decl":{"start":{"line":2,"column":17},"end":{"line":2,"column":18}},"loc":{"start":{"line":2,"column":43},"end":{"line":5,"column":1}},"line":2}},"branchMap":{"0":{"loc":{"start":{"line":3,"column":4},"end":{"line":3,"column":74}},"type":"if","locations":[{"start":{"line":3,"column":4},"end":{"line":3,"column":74}},{"start":{"line":3,"column":4},"end":{"line":3,"column":74}}],"line":3}},"s":{"0":4,"1":5,"2":1,"3":4},"f":{"0":5},"b":{"0":[1,4]},"_coverageSchema":"43e27e138ebf9cfc5966b082cf9a028302ed4184","hash":"4285e345caf253acfa99454e3b6323fdb4b9d7fd"}
,"/home/pascal/Documents/Tests/TDD/middleware/auth.js": {"path":"/home/pascal/Documents/Tests/TDD/middleware/auth.js","statementMap":{"0":{"start":{"line":1,"column":15},"end":{"line":1,"column":32}},"1":{"start":{"line":2,"column":12},"end":{"line":2,"column":35}},"2":{"start":{"line":4,"column":0},"end":{"line":16,"column":1}},"3":{"start":{"line":5,"column":18},"end":{"line":5,"column":44}},"4":{"start":{"line":6,"column":4},"end":{"line":6,"column":82}},"5":{"start":{"line":6,"column":16},"end":{"line":6,"column":82}},"6":{"start":{"line":8,"column":4},"end":{"line":15,"column":5}},"7":{"start":{"line":9,"column":24},"end":{"line":9,"column":70}},"8":{"start":{"line":10,"column":8},"end":{"line":10,"column":27}},"9":{"start":{"line":11,"column":8},"end":{"line":11,"column":15}},"10":{"start":{"line":14,"column":8},"end":{"line":14,"column":47}}},"fnMap":{"0":{"name":"(anonymous_0)","decl":{"start":{"line":4,"column":17},"end":{"line":4,"column":18}},"loc":{"start":{"line":4,"column":43},"end":{"line":16,"column":1}},"line":4}},"branchMap":{"0":{"loc":{"start":{"line":6,"column":4},"end":{"line":6,"column":82}},"type":"if","locations":[{"start":{"line":6,"column":4},"end":{"line":6,"column":82}},{"start":{"line":6,"column":4},"end":{"line":6,"column":82}}],"line":6}},"s":{"0":5,"1":5,"2":5,"3":22,"4":22,"5":4,"6":18,"7":18,"8":17,"9":17,"10":1},"f":{"0":22},"b":{"0":[4,18]},"_coverageSchema":"43e27e138ebf9cfc5966b082cf9a028302ed4184","hash":"c2c6bcc17eec113e7cc5038548a641b9a8532ed0"}
,"/home/pascal/Documents/Tests/TDD/middleware/error.js": {"path":"/home/pascal/Documents/Tests/TDD/middleware/error.js","statementMap":{"0":{"start":{"line":1,"column":16},"end":{"line":1,"column":34}},"1":{"start":{"line":3,"column":0},"end":{"line":7,"column":1}},"2":{"start":{"line":4,"column":4},"end":{"line":4,"column":36}},"3":{"start":{"line":6,"column":4},"end":{"line":6,"column":52}}},"fnMap":{"0":{"name":"(anonymous_0)","decl":{"start":{"line":3,"column":17},"end":{"line":3,"column":18}},"loc":{"start":{"line":3,"column":47},"end":{"line":7,"column":1}},"line":3}},"branchMap":{},"s":{"0":4,"1":4,"2":0,"3":0},"f":{"0":0},"b":{},"_coverageSchema":"43e27e138ebf9cfc5966b082cf9a028302ed4184","hash":"14b36d39aea728c381cff76b8d28907d50563d3c"}
,"/home/pascal/Documents/Tests/TDD/middleware/validObjectId.js": {"path":"/home/pascal/Documents/Tests/TDD/middleware/validObjectId.js","statementMap":{"0":{"start":{"line":1,"column":17},"end":{"line":1,"column":36}},"1":{"start":{"line":3,"column":0},"end":{"line":8,"column":2}},"2":{"start":{"line":4,"column":2},"end":{"line":6,"column":3}},"3":{"start":{"line":5,"column":4},"end":{"line":5,"column":49}},"4":{"start":{"line":7,"column":2},"end":{"line":7,"column":9}}},"fnMap":{"0":{"name":"(anonymous_0)","decl":{"start":{"line":3,"column":17},"end":{"line":3,"column":18}},"loc":{"start":{"line":3,"column":42},"end":{"line":8,"column":1}},"line":3}},"branchMap":{"0":{"loc":{"start":{"line":4,"column":2},"end":{"line":6,"column":3}},"type":"if","locations":[{"start":{"line":4,"column":2},"end":{"line":6,"column":3}},{"start":{"line":4,"column":2},"end":{"line":6,"column":3}}],"line":4}},"s":{"0":4,"1":4,"2":13,"3":3,"4":10},"f":{"0":13},"b":{"0":[3,10]},"_coverageSchema":"43e27e138ebf9cfc5966b082cf9a028302ed4184","hash":"41522e43632ef9d0a24c2e01d14a0b3db0c96f79"}
,"/home/pascal/Documents/Tests/TDD/models/customer.js": {"path":"/home/pascal/Documents/Tests/TDD/models/customer.js","statementMap":{"0":{"start":{"line":1,"column":12},"end":{"line":1,"column":26}},"1":{"start":{"line":2,"column":17},"end":{"line":2,"column":36}},"2":{"start":{"line":4,"column":17},"end":{"line":21,"column":3}},"3":{"start":{"line":24,"column":17},"end":{"line":28,"column":3}},"4":{"start":{"line":30,"column":2},"end":{"line":30,"column":40}},"5":{"start":{"line":33,"column":0},"end":{"line":33,"column":28}},"6":{"start":{"line":34,"column":0},"end":{"line":34,"column":36}}},"fnMap":{"0":{"name":"validateCustomer","decl":{"start":{"line":23,"column":9},"end":{"line":23,"column":25}},"loc":{"start":{"line":23,"column":36},"end":{"line":31,"column":1}},"line":23}},"branchMap":{},"s":{"0":4,"1":4,"2":4,"3":0,"4":0,"5":4,"6":4},"f":{"0":0},"b":{},"_coverageSchema":"43e27e138ebf9cfc5966b082cf9a028302ed4184","hash":"f83f8a8916d0ffa47119f128b00bb7a1e0d69a14"}
,"/home/pascal/Documents/Tests/TDD/models/genre.js": {"path":"/home/pascal/Documents/Tests/TDD/models/genre.js","statementMap":{"0":{"start":{"line":1,"column":12},"end":{"line":1,"column":26}},"1":{"start":{"line":2,"column":17},"end":{"line":2,"column":36}},"2":{"start":{"line":4,"column":20},"end":{"line":11,"column":2}},"3":{"start":{"line":13,"column":14},"end":{"line":13,"column":50}},"4":{"start":{"line":16,"column":17},"end":{"line":18,"column":3}},"5":{"start":{"line":20,"column":2},"end":{"line":20,"column":37}},"6":{"start":{"line":23,"column":0},"end":{"line":23,"column":34}},"7":{"start":{"line":24,"column":0},"end":{"line":24,"column":22}},"8":{"start":{"line":25,"column":0},"end":{"line":25,"column":33}}},"fnMap":{"0":{"name":"validateGenre","decl":{"start":{"line":15,"column":9},"end":{"line":15,"column":22}},"loc":{"start":{"line":15,"column":30},"end":{"line":21,"column":1}},"line":15}},"branchMap":{},"s":{"0":4,"1":4,"2":4,"3":4,"4":10,"5":10,"6":4,"7":4,"8":4},"f":{"0":10},"b":{},"_coverageSchema":"43e27e138ebf9cfc5966b082cf9a028302ed4184","hash":"ce367cdb8e8422c85e1278efcab9e378fed93e64"}
,"/home/pascal/Documents/Tests/TDD/models/movie.js": {"path":"/home/pascal/Documents/Tests/TDD/models/movie.js","statementMap":{"0":{"start":{"line":1,"column":12},"end":{"line":1,"column":26}},"1":{"start":{"line":2,"column":17},"end":{"line":2,"column":36}},"2":{"start":{"line":3,"column":22},"end":{"line":3,"column":40}},"3":{"start":{"line":5,"column":14},"end":{"line":29,"column":3}},"4":{"start":{"line":32,"column":17},"end":{"line":37,"column":3}},"5":{"start":{"line":39,"column":2},"end":{"line":39,"column":37}},"6":{"start":{"line":42,"column":0},"end":{"line":42,"column":22}},"7":{"start":{"line":43,"column":0},"end":{"line":43,"column":33}}},"fnMap":{"0":{"name":"validateMovie","decl":{"start":{"line":31,"column":9},"end":{"line":31,"column":22}},"loc":{"start":{"line":31,"column":30},"end":{"line":40,"column":1}},"line":31}},"branchMap":{},"s":{"0":4,"1":4,"2":4,"3":4,"4":3,"5":3,"6":4,"7":4},"f":{"0":3},"b":{},"_coverageSchema":"43e27e138ebf9cfc5966b082cf9a028302ed4184","hash":"8c5116034e740e01d05fae893dc700de73aec266"}
,"/home/pascal/Documents/Tests/TDD/models/rental.js": {"path":"/home/pascal/Documents/Tests/TDD/models/rental.js","statementMap":{"0":{"start":{"line":1,"column":12},"end":{"line":1,"column":26}},"1":{"start":{"line":2,"column":17},"end":{"line":2,"column":36}},"2":{"start":{"line":4,"column":15},"end":{"line":56,"column":3}},"3":{"start":{"line":59,"column":17},"end":{"line":62,"column":3}},"4":{"start":{"line":64,"column":2},"end":{"line":64,"column":38}},"5":{"start":{"line":67,"column":0},"end":{"line":67,"column":24}},"6":{"start":{"line":68,"column":0},"end":{"line":68,"column":34}}},"fnMap":{"0":{"name":"validateRental","decl":{"start":{"line":58,"column":9},"end":{"line":58,"column":23}},"loc":{"start":{"line":58,"column":32},"end":{"line":65,"column":1}},"line":58}},"branchMap":{},"s":{"0":4,"1":4,"2":4,"3":0,"4":0,"5":4,"6":4},"f":{"0":0},"b":{},"_coverageSchema":"43e27e138ebf9cfc5966b082cf9a028302ed4184","hash":"dd0837ca0ed18e2414d9ede7c0530a0968e555c4"}
,"/home/pascal/Documents/Tests/TDD/models/user.js": {"path":"/home/pascal/Documents/Tests/TDD/models/user.js","statementMap":{"0":{"start":{"line":1,"column":15},"end":{"line":1,"column":32}},"1":{"start":{"line":2,"column":12},"end":{"line":2,"column":35}},"2":{"start":{"line":3,"column":12},"end":{"line":3,"column":26}},"3":{"start":{"line":4,"column":17},"end":{"line":4,"column":36}},"4":{"start":{"line":6,"column":19},"end":{"line":28,"column":2}},"5":{"start":{"line":30,"column":0},"end":{"line":33,"column":1}},"6":{"start":{"line":31,"column":18},"end":{"line":31,"column":97}},"7":{"start":{"line":32,"column":4},"end":{"line":32,"column":17}},"8":{"start":{"line":35,"column":13},"end":{"line":35,"column":47}},"9":{"start":{"line":38,"column":19},"end":{"line":42,"column":5}},"10":{"start":{"line":44,"column":4},"end":{"line":44,"column":38}},"11":{"start":{"line":47,"column":0},"end":{"line":47,"column":20}},"12":{"start":{"line":48,"column":0},"end":{"line":48,"column":32}}},"fnMap":{"0":{"name":"(anonymous_0)","decl":{"start":{"line":30,"column":39},"end":{"line":30,"column":40}},"loc":{"start":{"line":30,"column":50},"end":{"line":33,"column":1}},"line":30},"1":{"name":"validateUser","decl":{"start":{"line":37,"column":9},"end":{"line":37,"column":21}},"loc":{"start":{"line":37,"column":28},"end":{"line":45,"column":1}},"line":37}},"branchMap":{},"s":{"0":6,"1":6,"2":6,"3":6,"4":6,"5":6,"6":27,"7":27,"8":6,"9":0,"10":0,"11":6,"12":6},"f":{"0":27,"1":0},"b":{},"_coverageSchema":"43e27e138ebf9cfc5966b082cf9a028302ed4184","hash":"d19d754ce76d450bd3d798280852ed55b0e5e5ae"}
,"/home/pascal/Documents/Tests/TDD/routes/auth.js": {"path":"/home/pascal/Documents/Tests/TDD/routes/auth.js","statementMap":{"0":{"start":{"line":1,"column":17},"end":{"line":1,"column":42}},"1":{"start":{"line":2,"column":12},"end":{"line":2,"column":26}},"2":{"start":{"line":3,"column":10},"end":{"line":3,"column":27}},"3":{"start":{"line":4,"column":15},"end":{"line":4,"column":32}},"4":{"start":{"line":5,"column":16},"end":{"line":5,"column":34}},"5":{"start":{"line":6,"column":15},"end":{"line":6,"column":31}},"6":{"start":{"line":8,"column":0},"end":{"line":20,"column":3}},"7":{"start":{"line":9,"column":22},"end":{"line":9,"column":40}},"8":{"start":{"line":10,"column":4},"end":{"line":10,"column":69}},"9":{"start":{"line":10,"column":15},"end":{"line":10,"column":69}},"10":{"start":{"line":12,"column":15},"end":{"line":12,"column":60}},"11":{"start":{"line":13,"column":4},"end":{"line":13,"column":75}},"12":{"start":{"line":13,"column":15},"end":{"line":13,"column":75}},"13":{"start":{"line":15,"column":26},"end":{"line":15,"column":80}},"14":{"start":{"line":16,"column":4},"end":{"line":16,"column":82}},"15":{"start":{"line":16,"column":24},"end":{"line":16,"column":82}},"16":{"start":{"line":18,"column":18},"end":{"line":18,"column":42}},"17":{"start":{"line":19,"column":4},"end":{"line":19,"column":20}},"18":{"start":{"line":23,"column":19},"end":{"line":26,"column":5}},"19":{"start":{"line":28,"column":4},"end":{"line":28,"column":37}},"20":{"start":{"line":31,"column":0},"end":{"line":31,"column":24}}},"fnMap":{"0":{"name":"(anonymous_0)","decl":{"start":{"line":8,"column":17},"end":{"line":8,"column":18}},"loc":{"start":{"line":8,"column":37},"end":{"line":20,"column":1}},"line":8},"1":{"name":"validate","decl":{"start":{"line":22,"column":9},"end":{"line":22,"column":17}},"loc":{"start":{"line":22,"column":23},"end":{"line":29,"column":1}},"line":22}},"branchMap":{"0":{"loc":{"start":{"line":10,"column":4},"end":{"line":10,"column":69}},"type":"if","locations":[{"start":{"line":10,"column":4},"end":{"line":10,"column":69}},{"start":{"line":10,"column":4},"end":{"line":10,"column":69}}],"line":10},"1":{"loc":{"start":{"line":13,"column":4},"end":{"line":13,"column":75}},"type":"if","locations":[{"start":{"line":13,"column":4},"end":{"line":13,"column":75}},{"start":{"line":13,"column":4},"end":{"line":13,"column":75}}],"line":13},"2":{"loc":{"start":{"line":16,"column":4},"end":{"line":16,"column":82}},"type":"if","locations":[{"start":{"line":16,"column":4},"end":{"line":16,"column":82}},{"start":{"line":16,"column":4},"end":{"line":16,"column":82}}],"line":16}},"s":{"0":4,"1":4,"2":4,"3":4,"4":4,"5":4,"6":4,"7":0,"8":0,"9":0,"10":0,"11":0,"12":0,"13":0,"14":0,"15":0,"16":0,"17":0,"18":0,"19":0,"20":4},"f":{"0":0,"1":0},"b":{"0":[0,0],"1":[0,0],"2":[0,0]},"_coverageSchema":"43e27e138ebf9cfc5966b082cf9a028302ed4184","hash":"6deec948b5c3d69a893edd8050f6d23cb9d0264f"}
,"/home/pascal/Documents/Tests/TDD/routes/customers.js": {"path":"/home/pascal/Documents/Tests/TDD/routes/customers.js","statementMap":{"0":{"start":{"line":1,"column":29},"end":{"line":1,"column":58}},"1":{"start":{"line":2,"column":17},"end":{"line":2,"column":36}},"2":{"start":{"line":3,"column":16},"end":{"line":3,"column":34}},"3":{"start":{"line":4,"column":15},"end":{"line":4,"column":31}},"4":{"start":{"line":6,"column":0},"end":{"line":9,"column":3}},"5":{"start":{"line":7,"column":20},"end":{"line":7,"column":54}},"6":{"start":{"line":8,"column":2},"end":{"line":8,"column":22}},"7":{"start":{"line":11,"column":0},"end":{"line":23,"column":3}},"8":{"start":{"line":12,"column":20},"end":{"line":12,"column":38}},"9":{"start":{"line":13,"column":2},"end":{"line":13,"column":67}},"10":{"start":{"line":13,"column":13},"end":{"line":13,"column":67}},"11":{"start":{"line":15,"column":17},"end":{"line":19,"column":4}},"12":{"start":{"line":20,"column":2},"end":{"line":20,"column":35}},"13":{"start":{"line":22,"column":2},"end":{"line":22,"column":21}},"14":{"start":{"line":25,"column":0},"end":{"line":39,"column":3}},"15":{"start":{"line":26,"column":20},"end":{"line":26,"column":38}},"16":{"start":{"line":27,"column":2},"end":{"line":27,"column":67}},"17":{"start":{"line":27,"column":13},"end":{"line":27,"column":67}},"18":{"start":{"line":29,"column":19},"end":{"line":34,"column":21}},"19":{"start":{"line":36,"column":2},"end":{"line":36,"column":94}},"20":{"start":{"line":36,"column":17},"end":{"line":36,"column":94}},"21":{"start":{"line":38,"column":2},"end":{"line":38,"column":21}},"22":{"start":{"line":41,"column":0},"end":{"line":47,"column":3}},"23":{"start":{"line":42,"column":19},"end":{"line":42,"column":66}},"24":{"start":{"line":44,"column":2},"end":{"line":44,"column":94}},"25":{"start":{"line":44,"column":17},"end":{"line":44,"column":94}},"26":{"start":{"line":46,"column":2},"end":{"line":46,"column":21}},"27":{"start":{"line":49,"column":0},"end":{"line":55,"column":3}},"28":{"start":{"line":50,"column":19},"end":{"line":50,"column":57}},"29":{"start":{"line":52,"column":2},"end":{"line":52,"column":94}},"30":{"start":{"line":52,"column":17},"end":{"line":52,"column":94}},"31":{"start":{"line":54,"column":2},"end":{"line":54,"column":21}},"32":{"start":{"line":57,"column":0},"end":{"line":57,"column":24}}},"fnMap":{"0":{"name":"(anonymous_0)","decl":{"start":{"line":6,"column":16},"end":{"line":6,"column":17}},"loc":{"start":{"line":6,"column":36},"end":{"line":9,"column":1}},"line":6},"1":{"name":"(anonymous_1)","decl":{"start":{"line":11,"column":17},"end":{"line":11,"column":18}},"loc":{"start":{"line":11,"column":37},"end":{"line":23,"column":1}},"line":11},"2":{"name":"(anonymous_2)","decl":{"start":{"line":25,"column":19},"end":{"line":25,"column":20}},"loc":{"start":{"line":25,"column":39},"end":{"line":39,"column":1}},"line":25},"3":{"name":"(anonymous_3)","decl":{"start":{"line":41,"column":22},"end":{"line":41,"column":23}},"loc":{"start":{"line":41,"column":42},"end":{"line":47,"column":1}},"line":41},"4":{"name":"(anonymous_4)","decl":{"start":{"line":49,"column":19},"end":{"line":49,"column":20}},"loc":{"start":{"line":49,"column":39},"end":{"line":55,"column":1}},"line":49}},"branchMap":{"0":{"loc":{"start":{"line":13,"column":2},"end":{"line":13,"column":67}},"type":"if","locations":[{"start":{"line":13,"column":2},"end":{"line":13,"column":67}},{"start":{"line":13,"column":2},"end":{"line":13,"column":67}}],"line":13},"1":{"loc":{"start":{"line":27,"column":2},"end":{"line":27,"column":67}},"type":"if","locations":[{"start":{"line":27,"column":2},"end":{"line":27,"column":67}},{"start":{"line":27,"column":2},"end":{"line":27,"column":67}}],"line":27},"2":{"loc":{"start":{"line":36,"column":2},"end":{"line":36,"column":94}},"type":"if","locations":[{"start":{"line":36,"column":2},"end":{"line":36,"column":94}},{"start":{"line":36,"column":2},"end":{"line":36,"column":94}}],"line":36},"3":{"loc":{"start":{"line":44,"column":2},"end":{"line":44,"column":94}},"type":"if","locations":[{"start":{"line":44,"column":2},"end":{"line":44,"column":94}},{"start":{"line":44,"column":2},"end":{"line":44,"column":94}}],"line":44},"4":{"loc":{"start":{"line":52,"column":2},"end":{"line":52,"column":94}},"type":"if","locations":[{"start":{"line":52,"column":2},"end":{"line":52,"column":94}},{"start":{"line":52,"column":2},"end":{"line":52,"column":94}}],"line":52}},"s":{"0":4,"1":4,"2":4,"3":4,"4":4,"5":0,"6":0,"7":4,"8":0,"9":0,"10":0,"11":0,"12":0,"13":0,"14":4,"15":0,"16":0,"17":0,"18":0,"19":0,"20":0,"21":0,"22":4,"23":0,"24":0,"25":0,"26":0,"27":4,"28":0,"29":0,"30":0,"31":0,"32":4},"f":{"0":0,"1":0,"2":0,"3":0,"4":0},"b":{"0":[0,0],"1":[0,0],"2":[0,0],"3":[0,0],"4":[0,0]},"_coverageSchema":"43e27e138ebf9cfc5966b082cf9a028302ed4184","hash":"532d1055e90229edf8f4a6cadb68769ae0b4bbb9"}
,"/home/pascal/Documents/Tests/TDD/routes/genres.js": {"path":"/home/pascal/Documents/Tests/TDD/routes/genres.js","statementMap":{"0":{"start":{"line":1,"column":26},"end":{"line":1,"column":52}},"1":{"start":{"line":2,"column":13},"end":{"line":2,"column":42}},"2":{"start":{"line":3,"column":14},"end":{"line":3,"column":44}},"3":{"start":{"line":4,"column":22},"end":{"line":4,"column":60}},"4":{"start":{"line":5,"column":16},"end":{"line":5,"column":34}},"5":{"start":{"line":6,"column":17},"end":{"line":6,"column":36}},"6":{"start":{"line":7,"column":16},"end":{"line":7,"column":34}},"7":{"start":{"line":8,"column":15},"end":{"line":8,"column":31}},"8":{"start":{"line":10,"column":0},"end":{"line":13,"column":3}},"9":{"start":{"line":11,"column":19},"end":{"line":11,"column":50}},"10":{"start":{"line":12,"column":4},"end":{"line":12,"column":21}},"11":{"start":{"line":15,"column":0},"end":{"line":23,"column":3}},"12":{"start":{"line":16,"column":20},"end":{"line":16,"column":38}},"13":{"start":{"line":17,"column":2},"end":{"line":17,"column":67}},"14":{"start":{"line":17,"column":13},"end":{"line":17,"column":67}},"15":{"start":{"line":19,"column":14},"end":{"line":19,"column":48}},"16":{"start":{"line":20,"column":2},"end":{"line":20,"column":29}},"17":{"start":{"line":22,"column":2},"end":{"line":22,"column":18}},"18":{"start":{"line":25,"column":0},"end":{"line":36,"column":3}},"19":{"start":{"line":26,"column":20},"end":{"line":26,"column":38}},"20":{"start":{"line":27,"column":2},"end":{"line":27,"column":67}},"21":{"start":{"line":27,"column":13},"end":{"line":27,"column":67}},"22":{"start":{"line":29,"column":16},"end":{"line":31,"column":4}},"23":{"start":{"line":33,"column":2},"end":{"line":33,"column":88}},"24":{"start":{"line":33,"column":14},"end":{"line":33,"column":88}},"25":{"start":{"line":35,"column":2},"end":{"line":35,"column":18}},"26":{"start":{"line":38,"column":0},"end":{"line":44,"column":3}},"27":{"start":{"line":39,"column":16},"end":{"line":39,"column":60}},"28":{"start":{"line":41,"column":2},"end":{"line":41,"column":88}},"29":{"start":{"line":41,"column":14},"end":{"line":41,"column":88}},"30":{"start":{"line":43,"column":2},"end":{"line":43,"column":18}},"31":{"start":{"line":46,"column":0},"end":{"line":52,"column":3}},"32":{"start":{"line":47,"column":16},"end":{"line":47,"column":51}},"33":{"start":{"line":49,"column":2},"end":{"line":49,"column":88}},"34":{"start":{"line":49,"column":14},"end":{"line":49,"column":88}},"35":{"start":{"line":51,"column":2},"end":{"line":51,"column":18}},"36":{"start":{"line":54,"column":0},"end":{"line":54,"column":24}}},"fnMap":{"0":{"name":"(anonymous_0)","decl":{"start":{"line":10,"column":16},"end":{"line":10,"column":17}},"loc":{"start":{"line":10,"column":42},"end":{"line":13,"column":1}},"line":10},"1":{"name":"(anonymous_1)","decl":{"start":{"line":15,"column":23},"end":{"line":15,"column":24}},"loc":{"start":{"line":15,"column":43},"end":{"line":23,"column":1}},"line":15},"2":{"name":"(anonymous_2)","decl":{"start":{"line":25,"column":42},"end":{"line":25,"column":43}},"loc":{"start":{"line":25,"column":62},"end":{"line":36,"column":1}},"line":25},"3":{"name":"(anonymous_3)","decl":{"start":{"line":38,"column":52},"end":{"line":38,"column":53}},"loc":{"start":{"line":38,"column":72},"end":{"line":44,"column":1}},"line":38},"4":{"name":"(anonymous_4)","decl":{"start":{"line":46,"column":34},"end":{"line":46,"column":35}},"loc":{"start":{"line":46,"column":54},"end":{"line":52,"column":1}},"line":46}},"branchMap":{"0":{"loc":{"start":{"line":17,"column":2},"end":{"line":17,"column":67}},"type":"if","locations":[{"start":{"line":17,"column":2},"end":{"line":17,"column":67}},{"start":{"line":17,"column":2},"end":{"line":17,"column":67}}],"line":17},"1":{"loc":{"start":{"line":27,"column":2},"end":{"line":27,"column":67}},"type":"if","locations":[{"start":{"line":27,"column":2},"end":{"line":27,"column":67}},{"start":{"line":27,"column":2},"end":{"line":27,"column":67}}],"line":27},"2":{"loc":{"start":{"line":33,"column":2},"end":{"line":33,"column":88}},"type":"if","locations":[{"start":{"line":33,"column":2},"end":{"line":33,"column":88}},{"start":{"line":33,"column":2},"end":{"line":33,"column":88}}],"line":33},"3":{"loc":{"start":{"line":41,"column":2},"end":{"line":41,"column":88}},"type":"if","locations":[{"start":{"line":41,"column":2},"end":{"line":41,"column":88}},{"start":{"line":41,"column":2},"end":{"line":41,"column":88}}],"line":41},"4":{"loc":{"start":{"line":49,"column":2},"end":{"line":49,"column":88}},"type":"if","locations":[{"start":{"line":49,"column":2},"end":{"line":49,"column":88}},{"start":{"line":49,"column":2},"end":{"line":49,"column":88}}],"line":49}},"s":{"0":4,"1":4,"2":4,"3":4,"4":4,"5":4,"6":4,"7":4,"8":4,"9":1,"10":1,"11":4,"12":5,"13":5,"14":2,"15":3,"16":3,"17":3,"18":4,"19":5,"20":5,"21":2,"22":3,"23":3,"24":1,"25":2,"26":4,"27":3,"28":3,"29":1,"30":2,"31":4,"32":2,"33":2,"34":1,"35":1,"36":4},"f":{"0":1,"1":5,"2":5,"3":3,"4":2},"b":{"0":[2,3],"1":[2,3],"2":[1,2],"3":[1,2],"4":[1,1]},"_coverageSchema":"43e27e138ebf9cfc5966b082cf9a028302ed4184","hash":"bbdb2b949e780adf7d655cb9dddfa85d82100ef6"}
,"/home/pascal/Documents/Tests/TDD/routes/movies.js": {"path":"/home/pascal/Documents/Tests/TDD/routes/movies.js","statementMap":{"0":{"start":{"line":1,"column":26},"end":{"line":1,"column":52}},"1":{"start":{"line":2,"column":13},"end":{"line":2,"column":42}},"2":{"start":{"line":3,"column":16},"end":{"line":3,"column":42}},"3":{"start":{"line":4,"column":17},"end":{"line":4,"column":36}},"4":{"start":{"line":5,"column":16},"end":{"line":5,"column":34}},"5":{"start":{"line":6,"column":15},"end":{"line":6,"column":31}},"6":{"start":{"line":8,"column":0},"end":{"line":11,"column":3}},"7":{"start":{"line":9,"column":17},"end":{"line":9,"column":48}},"8":{"start":{"line":10,"column":2},"end":{"line":10,"column":19}},"9":{"start":{"line":13,"column":0},"end":{"line":32,"column":3}},"10":{"start":{"line":14,"column":20},"end":{"line":14,"column":38}},"11":{"start":{"line":15,"column":2},"end":{"line":15,"column":67}},"12":{"start":{"line":15,"column":13},"end":{"line":15,"column":67}},"13":{"start":{"line":17,"column":16},"end":{"line":17,"column":54}},"14":{"start":{"line":18,"column":2},"end":{"line":18,"column":60}},"15":{"start":{"line":18,"column":14},"end":{"line":18,"column":60}},"16":{"start":{"line":20,"column":16},"end":{"line":28,"column":4}},"17":{"start":{"line":29,"column":2},"end":{"line":29,"column":21}},"18":{"start":{"line":31,"column":2},"end":{"line":31,"column":18}},"19":{"start":{"line":34,"column":0},"end":{"line":55,"column":3}},"20":{"start":{"line":35,"column":20},"end":{"line":35,"column":38}},"21":{"start":{"line":36,"column":2},"end":{"line":36,"column":67}},"22":{"start":{"line":36,"column":13},"end":{"line":36,"column":67}},"23":{"start":{"line":38,"column":16},"end":{"line":38,"column":54}},"24":{"start":{"line":39,"column":2},"end":{"line":39,"column":60}},"25":{"start":{"line":39,"column":14},"end":{"line":39,"column":60}},"26":{"start":{"line":41,"column":16},"end":{"line":50,"column":21}},"27":{"start":{"line":52,"column":2},"end":{"line":52,"column":88}},"28":{"start":{"line":52,"column":14},"end":{"line":52,"column":88}},"29":{"start":{"line":54,"column":2},"end":{"line":54,"column":18}},"30":{"start":{"line":57,"column":0},"end":{"line":63,"column":3}},"31":{"start":{"line":58,"column":16},"end":{"line":58,"column":60}},"32":{"start":{"line":60,"column":2},"end":{"line":60,"column":88}},"33":{"start":{"line":60,"column":14},"end":{"line":60,"column":88}},"34":{"start":{"line":62,"column":2},"end":{"line":62,"column":18}},"35":{"start":{"line":65,"column":0},"end":{"line":71,"column":3}},"36":{"start":{"line":66,"column":16},"end":{"line":66,"column":51}},"37":{"start":{"line":68,"column":2},"end":{"line":68,"column":88}},"38":{"start":{"line":68,"column":14},"end":{"line":68,"column":88}},"39":{"start":{"line":70,"column":2},"end":{"line":70,"column":18}},"40":{"start":{"line":73,"column":0},"end":{"line":73,"column":24}}},"fnMap":{"0":{"name":"(anonymous_0)","decl":{"start":{"line":8,"column":16},"end":{"line":8,"column":17}},"loc":{"start":{"line":8,"column":36},"end":{"line":11,"column":1}},"line":8},"1":{"name":"(anonymous_1)","decl":{"start":{"line":13,"column":17},"end":{"line":13,"column":18}},"loc":{"start":{"line":13,"column":37},"end":{"line":32,"column":1}},"line":13},"2":{"name":"(anonymous_2)","decl":{"start":{"line":34,"column":19},"end":{"line":34,"column":20}},"loc":{"start":{"line":34,"column":39},"end":{"line":55,"column":1}},"line":34},"3":{"name":"(anonymous_3)","decl":{"start":{"line":57,"column":22},"end":{"line":57,"column":23}},"loc":{"start":{"line":57,"column":42},"end":{"line":63,"column":1}},"line":57},"4":{"name":"(anonymous_4)","decl":{"start":{"line":65,"column":19},"end":{"line":65,"column":20}},"loc":{"start":{"line":65,"column":39},"end":{"line":71,"column":1}},"line":65}},"branchMap":{"0":{"loc":{"start":{"line":15,"column":2},"end":{"line":15,"column":67}},"type":"if","locations":[{"start":{"line":15,"column":2},"end":{"line":15,"column":67}},{"start":{"line":15,"column":2},"end":{"line":15,"column":67}}],"line":15},"1":{"loc":{"start":{"line":18,"column":2},"end":{"line":18,"column":60}},"type":"if","locations":[{"start":{"line":18,"column":2},"end":{"line":18,"column":60}},{"start":{"line":18,"column":2},"end":{"line":18,"column":60}}],"line":18},"2":{"loc":{"start":{"line":36,"column":2},"end":{"line":36,"column":67}},"type":"if","locations":[{"start":{"line":36,"column":2},"end":{"line":36,"column":67}},{"start":{"line":36,"column":2},"end":{"line":36,"column":67}}],"line":36},"3":{"loc":{"start":{"line":39,"column":2},"end":{"line":39,"column":60}},"type":"if","locations":[{"start":{"line":39,"column":2},"end":{"line":39,"column":60}},{"start":{"line":39,"column":2},"end":{"line":39,"column":60}}],"line":39},"4":{"loc":{"start":{"line":52,"column":2},"end":{"line":52,"column":88}},"type":"if","locations":[{"start":{"line":52,"column":2},"end":{"line":52,"column":88}},{"start":{"line":52,"column":2},"end":{"line":52,"column":88}}],"line":52},"5":{"loc":{"start":{"line":60,"column":2},"end":{"line":60,"column":88}},"type":"if","locations":[{"start":{"line":60,"column":2},"end":{"line":60,"column":88}},{"start":{"line":60,"column":2},"end":{"line":60,"column":88}}],"line":60},"6":{"loc":{"start":{"line":68,"column":2},"end":{"line":68,"column":88}},"type":"if","locations":[{"start":{"line":68,"column":2},"end":{"line":68,"column":88}},{"start":{"line":68,"column":2},"end":{"line":68,"column":88}}],"line":68}},"s":{"0":4,"1":4,"2":4,"3":4,"4":4,"5":4,"6":4,"7":1,"8":1,"9":4,"10":3,"11":3,"12":3,"13":0,"14":0,"15":0,"16":0,"17":0,"18":0,"19":4,"20":0,"21":0,"22":0,"23":0,"24":0,"25":0,"26":0,"27":0,"28":0,"29":0,"30":4,"31":0,"32":0,"33":0,"34":0,"35":4,"36":0,"37":0,"38":0,"39":0,"40":4},"f":{"0":1,"1":3,"2":0,"3":0,"4":0},"b":{"0":[3,0],"1":[0,0],"2":[0,0],"3":[0,0],"4":[0,0],"5":[0,0],"6":[0,0]},"_coverageSchema":"43e27e138ebf9cfc5966b082cf9a028302ed4184","hash":"2bd9eeec99a622b738b1d0229447de7b5261e4cc"}
,"/home/pascal/Documents/Tests/TDD/routes/rentals.js": {"path":"/home/pascal/Documents/Tests/TDD/routes/rentals.js","statementMap":{"0":{"start":{"line":1,"column":27},"end":{"line":1,"column":54}},"1":{"start":{"line":2,"column":13},"end":{"line":2,"column":42}},"2":{"start":{"line":3,"column":16},"end":{"line":3,"column":42}},"3":{"start":{"line":4,"column":19},"end":{"line":4,"column":48}},"4":{"start":{"line":5,"column":17},"end":{"line":5,"column":36}},"5":{"start":{"line":6,"column":13},"end":{"line":6,"column":28}},"6":{"start":{"line":7,"column":16},"end":{"line":7,"column":34}},"7":{"start":{"line":8,"column":15},"end":{"line":8,"column":31}},"8":{"start":{"line":10,"column":0},"end":{"line":10,"column":20}},"9":{"start":{"line":12,"column":0},"end":{"line":15,"column":3}},"10":{"start":{"line":13,"column":18},"end":{"line":13,"column":54}},"11":{"start":{"line":14,"column":2},"end":{"line":14,"column":20}},"12":{"start":{"line":17,"column":0},"end":{"line":55,"column":3}},"13":{"start":{"line":18,"column":20},"end":{"line":18,"column":38}},"14":{"start":{"line":19,"column":2},"end":{"line":19,"column":67}},"15":{"start":{"line":19,"column":13},"end":{"line":19,"column":67}},"16":{"start":{"line":21,"column":19},"end":{"line":21,"column":63}},"17":{"start":{"line":22,"column":2},"end":{"line":22,"column":66}},"18":{"start":{"line":22,"column":17},"end":{"line":22,"column":66}},"19":{"start":{"line":24,"column":16},"end":{"line":24,"column":54}},"20":{"start":{"line":25,"column":2},"end":{"line":25,"column":60}},"21":{"start":{"line":25,"column":14},"end":{"line":25,"column":60}},"22":{"start":{"line":27,"column":2},"end":{"line":27,"column":84}},"23":{"start":{"line":27,"column":33},"end":{"line":27,"column":84}},"24":{"start":{"line":29,"column":15},"end":{"line":40,"column":4}},"25":{"start":{"line":42,"column":2},"end":{"line":54,"column":3}},"26":{"start":{"line":43,"column":4},"end":{"line":48,"column":13}},"27":{"start":{"line":50,"column":4},"end":{"line":50,"column":21}},"28":{"start":{"line":53,"column":4},"end":{"line":53,"column":46}},"29":{"start":{"line":57,"column":0},"end":{"line":63,"column":3}},"30":{"start":{"line":58,"column":17},"end":{"line":58,"column":53}},"31":{"start":{"line":60,"column":2},"end":{"line":60,"column":90}},"32":{"start":{"line":60,"column":15},"end":{"line":60,"column":90}},"33":{"start":{"line":62,"column":2},"end":{"line":62,"column":19}},"34":{"start":{"line":65,"column":0},"end":{"line":65,"column":24}}},"fnMap":{"0":{"name":"(anonymous_0)","decl":{"start":{"line":12,"column":22},"end":{"line":12,"column":23}},"loc":{"start":{"line":12,"column":42},"end":{"line":15,"column":1}},"line":12},"1":{"name":"(anonymous_1)","decl":{"start":{"line":17,"column":23},"end":{"line":17,"column":24}},"loc":{"start":{"line":17,"column":43},"end":{"line":55,"column":1}},"line":17},"2":{"name":"(anonymous_2)","decl":{"start":{"line":57,"column":19},"end":{"line":57,"column":20}},"loc":{"start":{"line":57,"column":39},"end":{"line":63,"column":1}},"line":57}},"branchMap":{"0":{"loc":{"start":{"line":19,"column":2},"end":{"line":19,"column":67}},"type":"if","locations":[{"start":{"line":19,"column":2},"end":{"line":19,"column":67}},{"start":{"line":19,"column":2},"end":{"line":19,"column":67}}],"line":19},"1":{"loc":{"start":{"line":22,"column":2},"end":{"line":22,"column":66}},"type":"if","locations":[{"start":{"line":22,"column":2},"end":{"line":22,"column":66}},{"start":{"line":22,"column":2},"end":{"line":22,"column":66}}],"line":22},"2":{"loc":{"start":{"line":25,"column":2},"end":{"line":25,"column":60}},"type":"if","locations":[{"start":{"line":25,"column":2},"end":{"line":25,"column":60}},{"start":{"line":25,"column":2},"end":{"line":25,"column":60}}],"line":25},"3":{"loc":{"start":{"line":27,"column":2},"end":{"line":27,"column":84}},"type":"if","locations":[{"start":{"line":27,"column":2},"end":{"line":27,"column":84}},{"start":{"line":27,"column":2},"end":{"line":27,"column":84}}],"line":27},"4":{"loc":{"start":{"line":60,"column":2},"end":{"line":60,"column":90}},"type":"if","locations":[{"start":{"line":60,"column":2},"end":{"line":60,"column":90}},{"start":{"line":60,"column":2},"end":{"line":60,"column":90}}],"line":60}},"s":{"0":4,"1":4,"2":4,"3":4,"4":4,"5":4,"6":4,"7":4,"8":4,"9":4,"10":0,"11":0,"12":4,"13":0,"14":0,"15":0,"16":0,"17":0,"18":0,"19":0,"20":0,"21":0,"22":0,"23":0,"24":0,"25":0,"26":0,"27":0,"28":0,"29":4,"30":0,"31":0,"32":0,"33":0,"34":4},"f":{"0":0,"1":0,"2":0},"b":{"0":[0,0],"1":[0,0],"2":[0,0],"3":[0,0],"4":[0,0]},"_coverageSchema":"43e27e138ebf9cfc5966b082cf9a028302ed4184","hash":"f8da9d81ccb32632e05ea63e8109ef47a0663373"}
,"/home/pascal/Documents/Tests/TDD/routes/returns.js": {"path":"/home/pascal/Documents/Tests/TDD/routes/returns.js","statementMap":{"0":{"start":{"line":1,"column":16},"end":{"line":1,"column":34}},"1":{"start":{"line":2,"column":15},"end":{"line":2,"column":31}},"2":{"start":{"line":4,"column":0},"end":{"line":10,"column":3}},"3":{"start":{"line":5,"column":4},"end":{"line":5,"column":87}},"4":{"start":{"line":5,"column":30},"end":{"line":5,"column":87}},"5":{"start":{"line":6,"column":4},"end":{"line":6,"column":81}},"6":{"start":{"line":6,"column":27},"end":{"line":6,"column":81}},"7":{"start":{"line":8,"column":4},"end":{"line":8,"column":41}},"8":{"start":{"line":12,"column":0},"end":{"line":12,"column":24}}},"fnMap":{"0":{"name":"(anonymous_0)","decl":{"start":{"line":4,"column":17},"end":{"line":4,"column":18}},"loc":{"start":{"line":4,"column":37},"end":{"line":10,"column":1}},"line":4}},"branchMap":{"0":{"loc":{"start":{"line":5,"column":4},"end":{"line":5,"column":87}},"type":"if","locations":[{"start":{"line":5,"column":4},"end":{"line":5,"column":87}},{"start":{"line":5,"column":4},"end":{"line":5,"column":87}}],"line":5},"1":{"loc":{"start":{"line":6,"column":4},"end":{"line":6,"column":81}},"type":"if","locations":[{"start":{"line":6,"column":4},"end":{"line":6,"column":81}},{"start":{"line":6,"column":4},"end":{"line":6,"column":81}}],"line":6}},"s":{"0":4,"1":4,"2":4,"3":3,"4":1,"5":2,"6":1,"7":1,"8":4},"f":{"0":3},"b":{"0":[1,2],"1":[1,1]},"_coverageSchema":"43e27e138ebf9cfc5966b082cf9a028302ed4184","hash":"1db7656c4a4839e362ddfe2c46e98fb671c84340"}
,"/home/pascal/Documents/Tests/TDD/routes/users.js": {"path":"/home/pascal/Documents/Tests/TDD/routes/users.js","statementMap":{"0":{"start":{"line":1,"column":25},"end":{"line":1,"column":50}},"1":{"start":{"line":2,"column":13},"end":{"line":2,"column":42}},"2":{"start":{"line":3,"column":15},"end":{"line":3,"column":32}},"3":{"start":{"line":4,"column":12},"end":{"line":4,"column":35}},"4":{"start":{"line":5,"column":15},"end":{"line":5,"column":32}},"5":{"start":{"line":6,"column":17},"end":{"line":6,"column":36}},"6":{"start":{"line":7,"column":10},"end":{"line":7,"column":27}},"7":{"start":{"line":8,"column":16},"end":{"line":8,"column":34}},"8":{"start":{"line":9,"column":15},"end":{"line":9,"column":31}},"9":{"start":{"line":11,"column":0},"end":{"line":14,"column":3}},"10":{"start":{"line":12,"column":16},"end":{"line":12,"column":69}},"11":{"start":{"line":13,"column":3},"end":{"line":13,"column":18}},"12":{"start":{"line":17,"column":0},"end":{"line":32,"column":3}},"13":{"start":{"line":18,"column":21},"end":{"line":18,"column":39}},"14":{"start":{"line":19,"column":3},"end":{"line":19,"column":68}},"15":{"start":{"line":19,"column":14},"end":{"line":19,"column":68}},"16":{"start":{"line":21,"column":14},"end":{"line":21,"column":59}},"17":{"start":{"line":22,"column":3},"end":{"line":22,"column":68}},"18":{"start":{"line":22,"column":13},"end":{"line":22,"column":68}},"19":{"start":{"line":24,"column":3},"end":{"line":24,"column":69}},"20":{"start":{"line":25,"column":16},"end":{"line":25,"column":40}},"21":{"start":{"line":26,"column":3},"end":{"line":26,"column":58}},"22":{"start":{"line":27,"column":3},"end":{"line":27,"column":21}},"23":{"start":{"line":29,"column":17},"end":{"line":29,"column":41}},"24":{"start":{"line":30,"column":3},"end":{"line":30,"column":82}},"25":{"start":{"line":34,"column":0},"end":{"line":34,"column":24}}},"fnMap":{"0":{"name":"(anonymous_0)","decl":{"start":{"line":11,"column":24},"end":{"line":11,"column":25}},"loc":{"start":{"line":11,"column":44},"end":{"line":14,"column":1}},"line":11},"1":{"name":"(anonymous_1)","decl":{"start":{"line":17,"column":17},"end":{"line":17,"column":18}},"loc":{"start":{"line":17,"column":37},"end":{"line":32,"column":1}},"line":17}},"branchMap":{"0":{"loc":{"start":{"line":19,"column":3},"end":{"line":19,"column":68}},"type":"if","locations":[{"start":{"line":19,"column":3},"end":{"line":19,"column":68}},{"start":{"line":19,"column":3},"end":{"line":19,"column":68}}],"line":19},"1":{"loc":{"start":{"line":22,"column":3},"end":{"line":22,"column":68}},"type":"if","locations":[{"start":{"line":22,"column":3},"end":{"line":22,"column":68}},{"start":{"line":22,"column":3},"end":{"line":22,"column":68}}],"line":22}},"s":{"0":4,"1":4,"2":4,"3":4,"4":4,"5":4,"6":4,"7":4,"8":4,"9":4,"10":0,"11":0,"12":4,"13":0,"14":0,"15":0,"16":0,"17":0,"18":0,"19":0,"20":0,"21":0,"22":0,"23":0,"24":0,"25":4},"f":{"0":0,"1":0},"b":{"0":[0,0],"1":[0,0]},"_coverageSchema":"43e27e138ebf9cfc5966b082cf9a028302ed4184","hash":"22192cff6fe783051fd8399d6d27a55fd25c42db"}
,"/home/pascal/Documents/Tests/TDD/startup/config.js": {"path":"/home/pascal/Documents/Tests/TDD/startup/config.js","statementMap":{"0":{"start":{"line":1,"column":15},"end":{"line":1,"column":32}},"1":{"start":{"line":3,"column":0},"end":{"line":7,"column":1}},"2":{"start":{"line":4,"column":4},"end":{"line":6,"column":7}},"3":{"start":{"line":5,"column":8},"end":{"line":5,"column":70}}},"fnMap":{"0":{"name":"(anonymous_0)","decl":{"start":{"line":3,"column":17},"end":{"line":3,"column":18}},"loc":{"start":{"line":3,"column":28},"end":{"line":7,"column":1}},"line":3}},"branchMap":{"0":{"loc":{"start":{"line":4,"column":4},"end":{"line":6,"column":7}},"type":"if","locations":[{"start":{"line":4,"column":4},"end":{"line":6,"column":7}},{"start":{"line":4,"column":4},"end":{"line":6,"column":7}}],"line":4}},"s":{"0":4,"1":4,"2":4,"3":0},"f":{"0":4},"b":{"0":[0,4]},"_coverageSchema":"43e27e138ebf9cfc5966b082cf9a028302ed4184","hash":"9bb056a909271481b1e2825d09eba76bfdeb6522"}
,"/home/pascal/Documents/Tests/TDD/startup/db.js": {"path":"/home/pascal/Documents/Tests/TDD/startup/db.js","statementMap":{"0":{"start":{"line":1,"column":16},"end":{"line":1,"column":34}},"1":{"start":{"line":2,"column":17},"end":{"line":2,"column":36}},"2":{"start":{"line":3,"column":15},"end":{"line":3,"column":32}},"3":{"start":{"line":5,"column":0},"end":{"line":14,"column":1}},"4":{"start":{"line":6,"column":13},"end":{"line":6,"column":29}},"5":{"start":{"line":7,"column":2},"end":{"line":10,"column":53}},"6":{"start":{"line":10,"column":14},"end":{"line":10,"column":52}},"7":{"start":{"line":12,"column":2},"end":{"line":12,"column":39}}},"fnMap":{"0":{"name":"(anonymous_0)","decl":{"start":{"line":5,"column":17},"end":{"line":5,"column":18}},"loc":{"start":{"line":5,"column":28},"end":{"line":14,"column":1}},"line":5},"1":{"name":"(anonymous_1)","decl":{"start":{"line":10,"column":8},"end":{"line":10,"column":9}},"loc":{"start":{"line":10,"column":14},"end":{"line":10,"column":52}},"line":10}},"branchMap":{},"s":{"0":4,"1":4,"2":4,"3":4,"4":4,"5":4,"6":4,"7":4},"f":{"0":4,"1":4},"b":{},"_coverageSchema":"43e27e138ebf9cfc5966b082cf9a028302ed4184","hash":"ee26653d7a470c847b2e38e998227a97837754d1"}
,"/home/pascal/Documents/Tests/TDD/startup/logging.js": {"path":"/home/pascal/Documents/Tests/TDD/startup/logging.js","statementMap":{"0":{"start":{"line":1,"column":16},"end":{"line":1,"column":34}},"1":{"start":{"line":3,"column":0},"end":{"line":3,"column":32}},"2":{"start":{"line":5,"column":0},"end":{"line":18,"column":1}},"3":{"start":{"line":6,"column":2},"end":{"line":7,"column":73}},"4":{"start":{"line":9,"column":2},"end":{"line":11,"column":5}},"5":{"start":{"line":10,"column":4},"end":{"line":10,"column":13}},"6":{"start":{"line":13,"column":2},"end":{"line":13,"column":68}}},"fnMap":{"0":{"name":"(anonymous_0)","decl":{"start":{"line":5,"column":17},"end":{"line":5,"column":18}},"loc":{"start":{"line":5,"column":28},"end":{"line":18,"column":1}},"line":5},"1":{"name":"(anonymous_1)","decl":{"start":{"line":9,"column":35},"end":{"line":9,"column":36}},"loc":{"start":{"line":9,"column":43},"end":{"line":11,"column":3}},"line":9}},"branchMap":{},"s":{"0":4,"1":4,"2":4,"3":4,"4":4,"5":0,"6":4},"f":{"0":4,"1":0},"b":{},"_coverageSchema":"43e27e138ebf9cfc5966b082cf9a028302ed4184","hash":"e58d4e3f13aa17a564eef5478ce7cdeaef8a81ec"}
,"/home/pascal/Documents/Tests/TDD/startup/route.js": {"path":"/home/pascal/Documents/Tests/TDD/startup/route.js","statementMap":{"0":{"start":{"line":1,"column":16},"end":{"line":1,"column":34}},"1":{"start":{"line":2,"column":15},"end":{"line":2,"column":42}},"2":{"start":{"line":3,"column":18},"end":{"line":3,"column":48}},"3":{"start":{"line":4,"column":15},"end":{"line":4,"column":42}},"4":{"start":{"line":5,"column":16},"end":{"line":5,"column":44}},"5":{"start":{"line":6,"column":14},"end":{"line":6,"column":40}},"6":{"start":{"line":7,"column":13},"end":{"line":7,"column":38}},"7":{"start":{"line":8,"column":16},"end":{"line":8,"column":44}},"8":{"start":{"line":9,"column":14},"end":{"line":9,"column":44}},"9":{"start":{"line":11,"column":0},"end":{"line":21,"column":1}},"10":{"start":{"line":12,"column":4},"end":{"line":12,"column":28}},"11":{"start":{"line":13,"column":4},"end":{"line":13,"column":35}},"12":{"start":{"line":14,"column":4},"end":{"line":14,"column":41}},"13":{"start":{"line":15,"column":4},"end":{"line":15,"column":35}},"14":{"start":{"line":16,"column":4},"end":{"line":16,"column":37}},"15":{"start":{"line":17,"column":4},"end":{"line":17,"column":33}},"16":{"start":{"line":18,"column":4},"end":{"line":18,"column":31}},"17":{"start":{"line":19,"column":4},"end":{"line":19,"column":37}},"18":{"start":{"line":20,"column":4},"end":{"line":20,"column":19}}},"fnMap":{"0":{"name":"(anonymous_0)","decl":{"start":{"line":11,"column":17},"end":{"line":11,"column":18}},"loc":{"start":{"line":11,"column":31},"end":{"line":21,"column":1}},"line":11}},"branchMap":{},"s":{"0":4,"1":4,"2":4,"3":4,"4":4,"5":4,"6":4,"7":4,"8":4,"9":4,"10":4,"11":4,"12":4,"13":4,"14":4,"15":4,"16":4,"17":4,"18":4},"f":{"0":4},"b":{},"_coverageSchema":"43e27e138ebf9cfc5966b082cf9a028302ed4184","hash":"4c5cd9c0d6575bd955709988e4128c347bfd3d46"}
,"/home/pascal/Documents/Tests/TDD/startup/validation.js": {"path":"/home/pascal/Documents/Tests/TDD/startup/validation.js","statementMap":{"0":{"start":{"line":1,"column":12},"end":{"line":1,"column":26}},"1":{"start":{"line":3,"column":0},"end":{"line":5,"column":1}},"2":{"start":{"line":4,"column":4},"end":{"line":4,"column":48}}},"fnMap":{"0":{"name":"(anonymous_0)","decl":{"start":{"line":3,"column":17},"end":{"line":3,"column":18}},"loc":{"start":{"line":3,"column":28},"end":{"line":5,"column":1}},"line":3}},"branchMap":{},"s":{"0":4,"1":4,"2":4},"f":{"0":4},"b":{},"_coverageSchema":"43e27e138ebf9cfc5966b082cf9a028302ed4184","hash":"8f63cfe729ebb22c17653b91408a9917fb98f72b"}
}
