TN:
SF:/home/pascal/Documents/Tests/TDD/index.js
FN:10,(anonymous_0)
FNF:1
FNH:1
FNDA:1,(anonymous_0)
DA:1,1
DA:2,1
DA:3,1
DA:5,1
DA:6,1
DA:7,1
DA:9,1
DA:10,1
DA:12,1
LF:9
LH:9
BRDA:9,0,0,1
BRDA:9,0,1,1
BRF:2
BRH:2
end_of_record
TN:
SF:/home/pascal/Documents/Tests/TDD/middleware/auth.js
FN:4,(anonymous_0)
FNF:1
FNH:1
FNDA:10,(anonymous_0)
DA:1,1
DA:2,1
DA:4,1
DA:5,10
DA:6,10
DA:8,9
DA:9,9
DA:10,9
DA:11,9
DA:14,0
LF:10
LH:9
BRDA:6,0,0,1
BRDA:6,0,1,9
BRF:2
BRH:2
end_of_record
TN:
SF:/home/pascal/Documents/Tests/TDD/middleware/validate.js
FN:1,(anonymous_0)
FN:2,(anonymous_1)
FNF:2
FNH:2
FNDA:1,(anonymous_0)
FNDA:9,(anonymous_1)
DA:1,1
DA:2,1
DA:3,9
DA:4,9
DA:5,7
LF:5
LH:5
BRDA:4,0,0,2
BRDA:4,0,1,7
BRF:2
BRH:2
end_of_record
TN:
SF:/home/pascal/Documents/Tests/TDD/models/genre.js
FN:15,validateGenre
FNF:1
FNH:0
FNDA:0,validateGenre
DA:1,1
DA:2,1
DA:4,1
DA:13,1
DA:16,0
DA:20,0
DA:23,1
DA:24,1
DA:25,1
LF:9
LH:7
BRF:0
BRH:0
end_of_record
TN:
SF:/home/pascal/Documents/Tests/TDD/models/movie.js
FN:31,validateMovie
FNF:1
FNH:0
FNDA:0,validateMovie
DA:1,1
DA:2,1
DA:3,1
DA:5,1
DA:32,0
DA:39,0
DA:42,1
DA:43,1
LF:8
LH:6
BRF:0
BRH:0
end_of_record
TN:
SF:/home/pascal/Documents/Tests/TDD/models/rental.js
FN:59,(anonymous_0)
FN:66,(anonymous_1)
FN:74,validateRental
FNF:3
FNH:2
FNDA:7,(anonymous_0)
FNDA:5,(anonymous_1)
FNDA:0,validateRental
DA:1,1
DA:2,1
DA:3,1
DA:5,1
DA:59,1
DA:60,7
DA:66,1
DA:67,5
DA:69,5
DA:70,5
DA:72,1
DA:75,0
DA:80,0
DA:83,1
DA:84,1
LF:15
LH:13
BRF:0
BRH:0
end_of_record
TN:
SF:/home/pascal/Documents/Tests/TDD/models/user.js
FN:30,(anonymous_0)
FN:37,validateUser
FNF:2
FNH:1
FNDA:10,(anonymous_0)
FNDA:0,validateUser
DA:1,1
DA:2,1
DA:3,1
DA:4,1
DA:6,1
DA:30,1
DA:31,10
DA:32,10
DA:35,1
DA:38,0
DA:44,0
DA:47,1
DA:48,1
LF:13
LH:11
BRF:0
BRH:0
end_of_record
TN:
SF:/home/pascal/Documents/Tests/TDD/routes/returns.js
FN:11,(anonymous_0)
FN:31,validateReturn
FNF:2
FNH:2
FNDA:7,(anonymous_0)
FNDA:9,validateReturn
DA:1,1
DA:2,1
DA:3,1
DA:4,1
DA:5,1
DA:6,1
DA:7,1
DA:9,1
DA:11,1
DA:12,7
DA:14,7
DA:15,6
DA:16,1
DA:18,5
DA:19,5
DA:21,5
DA:28,5
DA:32,9
DA:37,9
DA:40,1
LF:20
LH:20
BRDA:14,0,0,1
BRDA:14,0,1,6
BRDA:15,1,0,1
BRDA:15,1,1,5
BRF:4
BRH:4
end_of_record
TN:
SF:/home/pascal/Documents/Tests/TDD/startup/db.js
FN:5,(anonymous_0)
FN:10,(anonymous_1)
FNF:2
FNH:2
FNDA:1,(anonymous_0)
FNDA:1,(anonymous_1)
DA:1,1
DA:2,1
DA:3,1
DA:5,1
DA:6,1
DA:7,1
DA:10,1
DA:12,1
LF:8
LH:8
BRF:0
BRH:0
end_of_record
TN:
SF:/home/pascal/Documents/Tests/TDD/startup/route.js
FN:4,(anonymous_0)
FNF:1
FNH:1
FNDA:1,(anonymous_0)
DA:1,1
DA:2,1
DA:4,1
DA:5,1
DA:6,1
LF:5
LH:5
BRF:0
BRH:0
end_of_record
TN:
SF:/home/pascal/Documents/Tests/TDD/startup/validation.js
FN:3,(anonymous_0)
FNF:1
FNH:1
FNDA:1,(anonymous_0)
DA:1,1
DA:3,1
DA:4,1
LF:3
LH:3
BRF:0
BRH:0
end_of_record
