TN:
SF:/home/pascal/Documents/Tests/TDD/index.js
FN:12,(anonymous_0)
FNF:1
FNH:1
FNDA:4,(anonymous_0)
DA:1,4
DA:2,4
DA:3,4
DA:5,4
DA:6,4
DA:7,4
DA:8,4
DA:9,4
DA:11,4
DA:12,4
DA:14,4
LF:11
LH:11
BRDA:11,0,0,4
BRDA:11,0,1,4
BRF:2
BRH:2
end_of_record
TN:
SF:/home/pascal/Documents/Tests/TDD/middleware/admin.js
FN:2,(anonymous_0)
FNF:1
FNH:1
FNDA:5,(anonymous_0)
DA:2,4
DA:3,5
DA:4,4
LF:3
LH:3
BRDA:3,0,0,1
BRDA:3,0,1,4
BRF:2
BRH:2
end_of_record
TN:
SF:/home/pascal/Documents/Tests/TDD/middleware/auth.js
FN:4,(anonymous_0)
FNF:1
FNH:1
FNDA:22,(anonymous_0)
DA:1,5
DA:2,5
DA:4,5
DA:5,22
DA:6,22
DA:8,18
DA:9,18
DA:10,17
DA:11,17
DA:14,1
LF:10
LH:10
BRDA:6,0,0,4
BRDA:6,0,1,18
BRF:2
BRH:2
end_of_record
TN:
SF:/home/pascal/Documents/Tests/TDD/middleware/error.js
FN:3,(anonymous_0)
FNF:1
FNH:0
FNDA:0,(anonymous_0)
DA:1,4
DA:3,4
DA:4,0
DA:6,0
LF:4
LH:2
BRF:0
BRH:0
end_of_record
TN:
SF:/home/pascal/Documents/Tests/TDD/middleware/validObjectId.js
FN:3,(anonymous_0)
FNF:1
FNH:1
FNDA:13,(anonymous_0)
DA:1,4
DA:3,4
DA:4,13
DA:5,3
DA:7,10
LF:5
LH:5
BRDA:4,0,0,3
BRDA:4,0,1,10
BRF:2
BRH:2
end_of_record
TN:
SF:/home/pascal/Documents/Tests/TDD/models/customer.js
FN:23,validateCustomer
FNF:1
FNH:0
FNDA:0,validateCustomer
DA:1,4
DA:2,4
DA:4,4
DA:24,0
DA:30,0
DA:33,4
DA:34,4
LF:7
LH:5
BRF:0
BRH:0
end_of_record
TN:
SF:/home/pascal/Documents/Tests/TDD/models/genre.js
FN:15,validateGenre
FNF:1
FNH:1
FNDA:10,validateGenre
DA:1,4
DA:2,4
DA:4,4
DA:13,4
DA:16,10
DA:20,10
DA:23,4
DA:24,4
DA:25,4
LF:9
LH:9
BRF:0
BRH:0
end_of_record
TN:
SF:/home/pascal/Documents/Tests/TDD/models/movie.js
FN:31,validateMovie
FNF:1
FNH:1
FNDA:3,validateMovie
DA:1,4
DA:2,4
DA:3,4
DA:5,4
DA:32,3
DA:39,3
DA:42,4
DA:43,4
LF:8
LH:8
BRF:0
BRH:0
end_of_record
TN:
SF:/home/pascal/Documents/Tests/TDD/models/rental.js
FN:58,validateRental
FNF:1
FNH:0
FNDA:0,validateRental
DA:1,4
DA:2,4
DA:4,4
DA:59,0
DA:64,0
DA:67,4
DA:68,4
LF:7
LH:5
BRF:0
BRH:0
end_of_record
TN:
SF:/home/pascal/Documents/Tests/TDD/models/user.js
FN:30,(anonymous_0)
FN:37,validateUser
FNF:2
FNH:1
FNDA:26,(anonymous_0)
FNDA:0,validateUser
DA:1,6
DA:2,6
DA:3,6
DA:4,6
DA:6,6
DA:30,6
DA:31,26
DA:32,26
DA:35,6
DA:38,0
DA:44,0
DA:47,6
DA:48,6
LF:13
LH:11
BRF:0
BRH:0
end_of_record
TN:
SF:/home/pascal/Documents/Tests/TDD/routes/auth.js
FN:8,(anonymous_0)
FN:22,validate
FNF:2
FNH:0
FNDA:0,(anonymous_0)
FNDA:0,validate
DA:1,4
DA:2,4
DA:3,4
DA:4,4
DA:5,4
DA:6,4
DA:8,4
DA:9,0
DA:10,0
DA:12,0
DA:13,0
DA:15,0
DA:16,0
DA:18,0
DA:19,0
DA:23,0
DA:28,0
DA:31,4
LF:18
LH:8
BRDA:10,0,0,0
BRDA:10,0,1,0
BRDA:13,1,0,0
BRDA:13,1,1,0
BRDA:16,2,0,0
BRDA:16,2,1,0
BRF:6
BRH:0
end_of_record
TN:
SF:/home/pascal/Documents/Tests/TDD/routes/customers.js
FN:6,(anonymous_0)
FN:11,(anonymous_1)
FN:25,(anonymous_2)
FN:41,(anonymous_3)
FN:49,(anonymous_4)
FNF:5
FNH:0
FNDA:0,(anonymous_0)
FNDA:0,(anonymous_1)
FNDA:0,(anonymous_2)
FNDA:0,(anonymous_3)
FNDA:0,(anonymous_4)
DA:1,4
DA:2,4
DA:3,4
DA:4,4
DA:6,4
DA:7,0
DA:8,0
DA:11,4
DA:12,0
DA:13,0
DA:15,0
DA:20,0
DA:22,0
DA:25,4
DA:26,0
DA:27,0
DA:29,0
DA:36,0
DA:38,0
DA:41,4
DA:42,0
DA:44,0
DA:46,0
DA:49,4
DA:50,0
DA:52,0
DA:54,0
DA:57,4
LF:28
LH:10
BRDA:13,0,0,0
BRDA:13,0,1,0
BRDA:27,1,0,0
BRDA:27,1,1,0
BRDA:36,2,0,0
BRDA:36,2,1,0
BRDA:44,3,0,0
BRDA:44,3,1,0
BRDA:52,4,0,0
BRDA:52,4,1,0
BRF:10
BRH:0
end_of_record
TN:
SF:/home/pascal/Documents/Tests/TDD/routes/genres.js
FN:10,(anonymous_0)
FN:15,(anonymous_1)
FN:25,(anonymous_2)
FN:38,(anonymous_3)
FN:46,(anonymous_4)
FNF:5
FNH:5
FNDA:1,(anonymous_0)
FNDA:5,(anonymous_1)
FNDA:5,(anonymous_2)
FNDA:3,(anonymous_3)
FNDA:2,(anonymous_4)
DA:1,4
DA:2,4
DA:3,4
DA:4,4
DA:5,4
DA:6,4
DA:7,4
DA:8,4
DA:10,4
DA:11,1
DA:12,1
DA:15,4
DA:16,5
DA:17,5
DA:19,3
DA:20,3
DA:22,3
DA:25,4
DA:26,5
DA:27,5
DA:29,3
DA:33,3
DA:35,2
DA:38,4
DA:39,3
DA:41,3
DA:43,2
DA:46,4
DA:47,2
DA:49,2
DA:51,1
DA:54,4
LF:32
LH:32
BRDA:17,0,0,2
BRDA:17,0,1,3
BRDA:27,1,0,2
BRDA:27,1,1,3
BRDA:33,2,0,1
BRDA:33,2,1,2
BRDA:41,3,0,1
BRDA:41,3,1,2
BRDA:49,4,0,1
BRDA:49,4,1,1
BRF:10
BRH:10
end_of_record
TN:
SF:/home/pascal/Documents/Tests/TDD/routes/movies.js
FN:8,(anonymous_0)
FN:13,(anonymous_1)
FN:34,(anonymous_2)
FN:57,(anonymous_3)
FN:65,(anonymous_4)
FNF:5
FNH:2
FNDA:1,(anonymous_0)
FNDA:3,(anonymous_1)
FNDA:0,(anonymous_2)
FNDA:0,(anonymous_3)
FNDA:0,(anonymous_4)
DA:1,4
DA:2,4
DA:3,4
DA:4,4
DA:5,4
DA:6,4
DA:8,4
DA:9,1
DA:10,1
DA:13,4
DA:14,3
DA:15,3
DA:17,0
DA:18,0
DA:20,0
DA:29,0
DA:31,0
DA:34,4
DA:35,0
DA:36,0
DA:38,0
DA:39,0
DA:41,0
DA:52,0
DA:54,0
DA:57,4
DA:58,0
DA:60,0
DA:62,0
DA:65,4
DA:66,0
DA:68,0
DA:70,0
DA:73,4
LF:34
LH:16
BRDA:15,0,0,3
BRDA:15,0,1,0
BRDA:18,1,0,0
BRDA:18,1,1,0
BRDA:36,2,0,0
BRDA:36,2,1,0
BRDA:39,3,0,0
BRDA:39,3,1,0
BRDA:52,4,0,0
BRDA:52,4,1,0
BRDA:60,5,0,0
BRDA:60,5,1,0
BRDA:68,6,0,0
BRDA:68,6,1,0
BRF:14
BRH:1
end_of_record
TN:
SF:/home/pascal/Documents/Tests/TDD/routes/rentals.js
FN:12,(anonymous_0)
FN:17,(anonymous_1)
FN:57,(anonymous_2)
FNF:3
FNH:0
FNDA:0,(anonymous_0)
FNDA:0,(anonymous_1)
FNDA:0,(anonymous_2)
DA:1,4
DA:2,4
DA:3,4
DA:4,4
DA:5,4
DA:6,4
DA:7,4
DA:8,4
DA:10,4
DA:12,4
DA:13,0
DA:14,0
DA:17,4
DA:18,0
DA:19,0
DA:21,0
DA:22,0
DA:24,0
DA:25,0
DA:27,0
DA:29,0
DA:42,0
DA:43,0
DA:50,0
DA:53,0
DA:57,4
DA:58,0
DA:60,0
DA:62,0
DA:65,4
LF:30
LH:13
BRDA:19,0,0,0
BRDA:19,0,1,0
BRDA:22,1,0,0
BRDA:22,1,1,0
BRDA:25,2,0,0
BRDA:25,2,1,0
BRDA:27,3,0,0
BRDA:27,3,1,0
BRDA:60,4,0,0
BRDA:60,4,1,0
BRF:10
BRH:0
end_of_record
TN:
SF:/home/pascal/Documents/Tests/TDD/routes/returns.js
FN:4,(anonymous_0)
FNF:1
FNH:1
FNDA:3,(anonymous_0)
DA:1,4
DA:2,4
DA:4,4
DA:5,3
DA:6,2
DA:8,1
DA:12,4
LF:7
LH:7
BRDA:5,0,0,1
BRDA:5,0,1,2
BRDA:6,1,0,1
BRDA:6,1,1,1
BRF:4
BRH:4
end_of_record
TN:
SF:/home/pascal/Documents/Tests/TDD/routes/users.js
FN:11,(anonymous_0)
FN:17,(anonymous_1)
FNF:2
FNH:0
FNDA:0,(anonymous_0)
FNDA:0,(anonymous_1)
DA:1,4
DA:2,4
DA:3,4
DA:4,4
DA:5,4
DA:6,4
DA:7,4
DA:8,4
DA:9,4
DA:11,4
DA:12,0
DA:13,0
DA:17,4
DA:18,0
DA:19,0
DA:21,0
DA:22,0
DA:24,0
DA:25,0
DA:26,0
DA:27,0
DA:29,0
DA:30,0
DA:34,4
LF:24
LH:12
BRDA:19,0,0,0
BRDA:19,0,1,0
BRDA:22,1,0,0
BRDA:22,1,1,0
BRF:4
BRH:0
end_of_record
TN:
SF:/home/pascal/Documents/Tests/TDD/startup/config.js
FN:3,(anonymous_0)
FNF:1
FNH:1
FNDA:4,(anonymous_0)
DA:1,4
DA:3,4
DA:4,4
DA:5,0
LF:4
LH:3
BRDA:4,0,0,0
BRDA:4,0,1,4
BRF:2
BRH:1
end_of_record
TN:
SF:/home/pascal/Documents/Tests/TDD/startup/db.js
FN:5,(anonymous_0)
FN:10,(anonymous_1)
FNF:2
FNH:2
FNDA:4,(anonymous_0)
FNDA:4,(anonymous_1)
DA:1,4
DA:2,4
DA:3,4
DA:5,4
DA:6,4
DA:7,4
DA:10,4
DA:12,4
LF:8
LH:8
BRF:0
BRH:0
end_of_record
TN:
SF:/home/pascal/Documents/Tests/TDD/startup/logging.js
FN:5,(anonymous_0)
FN:9,(anonymous_1)
FNF:2
FNH:1
FNDA:4,(anonymous_0)
FNDA:0,(anonymous_1)
DA:1,4
DA:3,4
DA:5,4
DA:6,4
DA:9,4
DA:10,0
DA:13,4
LF:7
LH:6
BRF:0
BRH:0
end_of_record
TN:
SF:/home/pascal/Documents/Tests/TDD/startup/route.js
FN:11,(anonymous_0)
FNF:1
FNH:1
FNDA:4,(anonymous_0)
DA:1,4
DA:2,4
DA:3,4
DA:4,4
DA:5,4
DA:6,4
DA:7,4
DA:8,4
DA:9,4
DA:11,4
DA:12,4
DA:13,4
DA:14,4
DA:15,4
DA:16,4
DA:17,4
DA:18,4
DA:19,4
DA:20,4
LF:19
LH:19
BRF:0
BRH:0
end_of_record
TN:
SF:/home/pascal/Documents/Tests/TDD/startup/validation.js
FN:3,(anonymous_0)
FNF:1
FNH:1
FNDA:4,(anonymous_0)
DA:1,4
DA:3,4
DA:4,4
LF:3
LH:3
BRF:0
BRH:0
end_of_record
